#
# There is insufficient memory for the Java Runtime Environment to continue.
# Native memory allocation (malloc) failed to allocate 1611024 bytes for Chunk::new
# Possible reasons:
#   The system is out of physical RAM or swap space
#   In 32 bit mode, the process size limit was hit
# Possible solutions:
#   Reduce memory load on the system
#   Increase physical memory or swap space
#   Check if swap backing store is full
#   Use 64 bit Java on a 64 bit OS
#   Decrease Java heap size (-Xmx/-Xms)
#   Decrease number of Java threads
#   Decrease Java thread stack sizes (-Xss)
#   Set larger code cache with -XX:ReservedCodeCacheSize=
# This output file may be truncated or incomplete.
#
#  Out of Memory Error (allocation.cpp:390), pid=3352, tid=0x0000000000002720
#
# JRE version: Java(TM) SE Runtime Environment (8.0_171-b11) (build 1.8.0_171-b11)
# Java VM: Java HotSpot(TM) 64-Bit Server VM (25.171-b11 mixed mode windows-amd64 compressed oops)
# Failed to write core dump. Minidumps are not enabled by default on client versions of Windows
#

---------------  T H R E A D  ---------------

Current thread (0x0000000018f58000):  JavaThread "C2 CompilerThread0" daemon [_thread_in_native, id=10016, stack(0x0000000019620000,0x0000000019720000)]

Stack: [0x0000000019620000,0x0000000019720000]
[error occurred during error reporting (printing stack bounds), id 0xc0000005]

Native frames: (J=compiled Java code, j=interpreted, Vv=VM code, C=native code)


Current CompileTask:
C2:  12350 3952       4       java.net.URLClassLoader$1::run (5 bytes)


---------------  P R O C E S S  ---------------

Java Threads: ( => current thread )
  0x0000000018ff4000 JavaThread "Service Thread" daemon [_thread_blocked, id=14760, stack(0x0000000019920000,0x0000000019a20000)]
  0x0000000018f5e000 JavaThread "C1 CompilerThread2" daemon [_thread_blocked, id=2596, stack(0x0000000019820000,0x0000000019920000)]
  0x0000000018f5d000 JavaThread "C2 CompilerThread1" daemon [_thread_in_native, id=16592, stack(0x0000000019720000,0x0000000019820000)]
=>0x0000000018f58000 JavaThread "C2 CompilerThread0" daemon [_thread_in_native, id=10016, stack(0x0000000019620000,0x0000000019720000)]
  0x0000000017c1a800 JavaThread "Monitor Ctrl-Break" daemon [_thread_in_native, id=2496, stack(0x0000000019520000,0x0000000019620000)]
  0x0000000017bd0000 JavaThread "Attach Listener" daemon [_thread_blocked, id=15036, stack(0x0000000019420000,0x0000000019520000)]
  0x0000000018f30800 JavaThread "Signal Dispatcher" daemon [_thread_blocked, id=14936, stack(0x0000000019320000,0x0000000019420000)]
  0x0000000017baf800 JavaThread "Finalizer" daemon [_thread_blocked, id=15344, stack(0x0000000018e20000,0x0000000018f20000)]
  0x0000000003065000 JavaThread "Reference Handler" daemon [_thread_blocked, id=13732, stack(0x0000000018d20000,0x0000000018e20000)]
  0x0000000002f72800 JavaThread "main" [_thread_in_native, id=5188, stack(0x00000000028e0000,0x00000000029e0000)]

Other Threads:
  0x0000000017b87800 VMThread [stack: 0x0000000018c20000,0x0000000018d20000] [id=4764]
  0x0000000018ffb800 WatcherThread [stack: 0x0000000019a20000,0x0000000019b20000] [id=13336]

VM state:not at safepoint (normal execution)

VM Mutex/Monitor currently owned by a thread: None

Heap:
 PSYoungGen      total 71680K, used 15549K [0x00000000d5d80000, 0x00000000dd400000, 0x0000000100000000)
  eden space 66560K, 15% used [0x00000000d5d80000,0x00000000d67b6508,0x00000000d9e80000)
  from space 5120K, 99% used [0x00000000d9e80000,0x00000000da3792e8,0x00000000da380000)
  to   space 14336K, 0% used [0x00000000dc600000,0x00000000dc600000,0x00000000dd400000)
 ParOldGen       total 79872K, used 23271K [0x0000000081800000, 0x0000000086600000, 0x00000000d5d80000)
  object space 79872K, 29% used [0x0000000081800000,0x0000000082eb9e80,0x0000000086600000)
 Metaspace       used 23994K, capacity 24534K, committed 24576K, reserved 1071104K
  class space    used 2859K, capacity 3058K, committed 3072K, reserved 1048576K

Card table byte_map: [0x0000000012430000,0x0000000012830000] byte_map_base: 0x0000000012024000

Marking Bits: (ParMarkBitMap*) 0x00000000678d08c0
 Begin Bits: [0x0000000012ee0000, 0x0000000014e80000)
 End Bits:   [0x0000000014e80000, 0x0000000016e20000)

Polling page: 0x0000000000c30000

CodeCache: size=245760Kb used=13677Kb max_used=13677Kb free=232082Kb
 bounds [0x0000000003070000, 0x0000000003de0000, 0x0000000012070000]
 total_blobs=4396 nmethods=4001 adapters=307
 compilation: enabled

Compilation events (10 events):
Event: 12.303 Thread 0x0000000018f5e000 4104       2       org.eclipse.aether.internal.impl.DefaultDependencyCollector::process (52 bytes)
Event: 12.304 Thread 0x0000000018f5e000 nmethod 4104 0x0000000003dd4050 code [0x0000000003dd41e0, 0x0000000003dd44f8]
Event: 12.320 Thread 0x0000000018f5e000 4105       2       java.util.ArrayList::subList (22 bytes)
Event: 12.320 Thread 0x0000000018f5e000 nmethod 4105 0x0000000003dd4750 code [0x0000000003dd48c0, 0x0000000003dd4ad8]
Event: 12.321 Thread 0x0000000018f5e000 4106       2       org.apache.maven.repository.internal.DefaultModelCache$Key::equals (95 bytes)
Event: 12.323 Thread 0x0000000018f5e000 nmethod 4106 0x0000000003dd4bd0 code [0x0000000003dd4d80, 0x0000000003dd50a8]
Event: 12.332 Thread 0x0000000018f5e000 4107       2       org.eclipse.aether.graph.Dependency$Exclusions::<init> (53 bytes)
Event: 12.333 Thread 0x0000000018f5e000 nmethod 4107 0x0000000003dd52d0 code [0x0000000003dd54a0, 0x0000000003dd5958]
Event: 12.334 Thread 0x0000000018f5e000 4108       2       org.eclipse.aether.internal.impl.DefaultDependencyCollector::doRecurse (233 bytes)
Event: 12.336 Thread 0x0000000018f5e000 nmethod 4108 0x0000000003dd5bd0 code [0x0000000003dd5e00, 0x0000000003dd66a8]

GC Heap History (10 events):
Event: 4.829 GC heap before
{Heap before GC invocations=4 (full 0):
 PSYoungGen      total 38400K, used 38392K [0x00000000d5d80000, 0x00000000da880000, 0x0000000100000000)
  eden space 33280K, 100% used [0x00000000d5d80000,0x00000000d7e00000,0x00000000d7e00000)
  from space 5120K, 99% used [0x00000000d7e00000,0x00000000d82fe050,0x00000000d8300000)
  to   space 5120K, 0% used [0x00000000da380000,0x00000000da380000,0x00000000da880000)
 ParOldGen       total 87552K, used 8339K [0x0000000081800000, 0x0000000086d80000, 0x00000000d5d80000)
  object space 87552K, 9% used [0x0000000081800000,0x0000000082024f80,0x0000000086d80000)
 Metaspace       used 15052K, capacity 15318K, committed 15488K, reserved 1062912K
  class space    used 1833K, capacity 1913K, committed 1920K, reserved 1048576K
Event: 4.864 GC heap after
Heap after GC invocations=4 (full 0):
 PSYoungGen      total 71680K, used 5112K [0x00000000d5d80000, 0x00000000da880000, 0x0000000100000000)
  eden space 66560K, 0% used [0x00000000d5d80000,0x00000000d5d80000,0x00000000d9e80000)
  from space 5120K, 99% used [0x00000000da380000,0x00000000da87e030,0x00000000da880000)
  to   space 5120K, 0% used [0x00000000d9e80000,0x00000000d9e80000,0x00000000da380000)
 ParOldGen       total 87552K, used 12929K [0x0000000081800000, 0x0000000086d80000, 0x00000000d5d80000)
  object space 87552K, 14% used [0x0000000081800000,0x00000000824a0490,0x0000000086d80000)
 Metaspace       used 15052K, capacity 15318K, committed 15488K, reserved 1062912K
  class space    used 1833K, capacity 1913K, committed 1920K, reserved 1048576K
}
Event: 6.983 GC heap before
{Heap before GC invocations=5 (full 0):
 PSYoungGen      total 71680K, used 71672K [0x00000000d5d80000, 0x00000000da880000, 0x0000000100000000)
  eden space 66560K, 100% used [0x00000000d5d80000,0x00000000d9e80000,0x00000000d9e80000)
  from space 5120K, 99% used [0x00000000da380000,0x00000000da87e030,0x00000000da880000)
  to   space 5120K, 0% used [0x00000000d9e80000,0x00000000d9e80000,0x00000000da380000)
 ParOldGen       total 87552K, used 12929K [0x0000000081800000, 0x0000000086d80000, 0x00000000d5d80000)
  object space 87552K, 14% used [0x0000000081800000,0x00000000824a0490,0x0000000086d80000)
 Metaspace       used 16625K, capacity 17010K, committed 17280K, reserved 1064960K
  class space    used 1988K, capacity 2091K, committed 2176K, reserved 1048576K
Event: 7.027 GC heap after
Heap after GC invocations=5 (full 0):
 PSYoungGen      total 71680K, used 5096K [0x00000000d5d80000, 0x00000000da880000, 0x0000000100000000)
  eden space 66560K, 0% used [0x00000000d5d80000,0x00000000d5d80000,0x00000000d9e80000)
  from space 5120K, 99% used [0x00000000d9e80000,0x00000000da37a040,0x00000000da380000)
  to   space 5120K, 0% used [0x00000000da380000,0x00000000da380000,0x00000000da880000)
 ParOldGen       total 87552K, used 19950K [0x0000000081800000, 0x0000000086d80000, 0x00000000d5d80000)
  object space 87552K, 22% used [0x0000000081800000,0x0000000082b7b9b8,0x0000000086d80000)
 Metaspace       used 16625K, capacity 17010K, committed 17280K, reserved 1064960K
  class space    used 1988K, capacity 2091K, committed 2176K, reserved 1048576K
}
Event: 9.069 GC heap before
{Heap before GC invocations=6 (full 0):
 PSYoungGen      total 71680K, used 39657K [0x00000000d5d80000, 0x00000000da880000, 0x0000000100000000)
  eden space 66560K, 51% used [0x00000000d5d80000,0x00000000d7f40518,0x00000000d9e80000)
  from space 5120K, 99% used [0x00000000d9e80000,0x00000000da37a040,0x00000000da380000)
  to   space 5120K, 0% used [0x00000000da380000,0x00000000da380000,0x00000000da880000)
 ParOldGen       total 87552K, used 19950K [0x0000000081800000, 0x0000000086d80000, 0x00000000d5d80000)
  object space 87552K, 22% used [0x0000000081800000,0x0000000082b7b9b8,0x0000000086d80000)
 Metaspace       used 20702K, capacity 21174K, committed 21296K, reserved 1069056K
  class space    used 2512K, capacity 2651K, committed 2688K, reserved 1048576K
Event: 9.156 GC heap after
Heap after GC invocations=6 (full 0):
 PSYoungGen      total 71680K, used 5112K [0x00000000d5d80000, 0x00000000da880000, 0x0000000100000000)
  eden space 66560K, 0% used [0x00000000d5d80000,0x00000000d5d80000,0x00000000d9e80000)
  from space 5120K, 99% used [0x00000000da380000,0x00000000da87e030,0x00000000da880000)
  to   space 5120K, 0% used [0x00000000d9e80000,0x00000000d9e80000,0x00000000da380000)
 ParOldGen       total 87552K, used 22562K [0x0000000081800000, 0x0000000086d80000, 0x00000000d5d80000)
  object space 87552K, 25% used [0x0000000081800000,0x0000000082e089c8,0x0000000086d80000)
 Metaspace       used 20702K, capacity 21174K, committed 21296K, reserved 1069056K
  class space    used 2512K, capacity 2651K, committed 2688K, reserved 1048576K
}
Event: 9.156 GC heap before
{Heap before GC invocations=7 (full 1):
 PSYoungGen      total 71680K, used 5112K [0x00000000d5d80000, 0x00000000da880000, 0x0000000100000000)
  eden space 66560K, 0% used [0x00000000d5d80000,0x00000000d5d80000,0x00000000d9e80000)
  from space 5120K, 99% used [0x00000000da380000,0x00000000da87e030,0x00000000da880000)
  to   space 5120K, 0% used [0x00000000d9e80000,0x00000000d9e80000,0x00000000da380000)
 ParOldGen       total 87552K, used 22562K [0x0000000081800000, 0x0000000086d80000, 0x00000000d5d80000)
  object space 87552K, 25% used [0x0000000081800000,0x0000000082e089c8,0x0000000086d80000)
 Metaspace       used 20702K, capacity 21174K, committed 21296K, reserved 1069056K
  class space    used 2512K, capacity 2651K, committed 2688K, reserved 1048576K
Event: 9.505 GC heap after
Heap after GC invocations=7 (full 1):
 PSYoungGen      total 71680K, used 0K [0x00000000d5d80000, 0x00000000da880000, 0x0000000100000000)
  eden space 66560K, 0% used [0x00000000d5d80000,0x00000000d5d80000,0x00000000d9e80000)
  from space 5120K, 0% used [0x00000000da380000,0x00000000da380000,0x00000000da880000)
  to   space 5120K, 0% used [0x00000000d9e80000,0x00000000d9e80000,0x00000000da380000)
 ParOldGen       total 79872K, used 17921K [0x0000000081800000, 0x0000000086600000, 0x00000000d5d80000)
  object space 79872K, 22% used [0x0000000081800000,0x00000000829805a0,0x0000000086600000)
 Metaspace       used 20702K, capacity 21174K, committed 21296K, reserved 1069056K
  class space    used 2512K, capacity 2651K, committed 2688K, reserved 1048576K
}
Event: 12.163 GC heap before
{Heap before GC invocations=8 (full 1):
 PSYoungGen      total 71680K, used 66560K [0x00000000d5d80000, 0x00000000da880000, 0x0000000100000000)
  eden space 66560K, 100% used [0x00000000d5d80000,0x00000000d9e80000,0x00000000d9e80000)
  from space 5120K, 0% used [0x00000000da380000,0x00000000da380000,0x00000000da880000)
  to   space 5120K, 0% used [0x00000000d9e80000,0x00000000d9e80000,0x00000000da380000)
 ParOldGen       total 79872K, used 17921K [0x0000000081800000, 0x0000000086600000, 0x00000000d5d80000)
  object space 79872K, 22% used [0x0000000081800000,0x00000000829805a0,0x0000000086600000)
 Metaspace       used 23978K, capacity 24534K, committed 24576K, reserved 1071104K
  class space    used 2859K, capacity 3058K, committed 3072K, reserved 1048576K
Event: 12.198 GC heap after
Heap after GC invocations=8 (full 1):
 PSYoungGen      total 71680K, used 5092K [0x00000000d5d80000, 0x00000000dd400000, 0x0000000100000000)
  eden space 66560K, 0% used [0x00000000d5d80000,0x00000000d5d80000,0x00000000d9e80000)
  from space 5120K, 99% used [0x00000000d9e80000,0x00000000da3792e8,0x00000000da380000)
  to   space 14336K, 0% used [0x00000000dc600000,0x00000000dc600000,0x00000000dd400000)
 ParOldGen       total 79872K, used 23271K [0x0000000081800000, 0x0000000086600000, 0x00000000d5d80000)
  object space 79872K, 29% used [0x0000000081800000,0x0000000082eb9e80,0x0000000086600000)
 Metaspace       used 23978K, capacity 24534K, committed 24576K, reserved 1071104K
  class space    used 2859K, capacity 3058K, committed 3072K, reserved 1048576K
}

Deoptimization events (10 events):
Event: 11.920 Thread 0x0000000002f72800 Uncommon trap: reason=class_check action=maybe_recompile pc=0x00000000038f36d4 method=java.util.regex.Pattern$7.isSatisfiedBy(I)Z @ 16
Event: 11.920 Thread 0x0000000002f72800 Uncommon trap: reason=class_check action=maybe_recompile pc=0x00000000038f36e4 method=java.util.regex.Pattern$CharProperty$1.isSatisfiedBy(I)Z @ 5
Event: 11.920 Thread 0x0000000002f72800 Uncommon trap: reason=class_check action=maybe_recompile pc=0x00000000038f36d4 method=java.util.regex.Pattern$7.isSatisfiedBy(I)Z @ 16
Event: 11.920 Thread 0x0000000002f72800 Uncommon trap: reason=class_check action=maybe_recompile pc=0x00000000038f36d4 method=java.util.regex.Pattern$7.isSatisfiedBy(I)Z @ 16
Event: 11.920 Thread 0x0000000002f72800 Uncommon trap: reason=class_check action=maybe_recompile pc=0x00000000039f4770 method=java.util.regex.Pattern$CharProperty$1.isSatisfiedBy(I)Z @ 5
Event: 11.920 Thread 0x0000000002f72800 Uncommon trap: reason=class_check action=maybe_recompile pc=0x00000000039f4770 method=java.util.regex.Pattern$CharProperty$1.isSatisfiedBy(I)Z @ 5
Event: 11.920 Thread 0x0000000002f72800 Uncommon trap: reason=class_check action=maybe_recompile pc=0x00000000039f4770 method=java.util.regex.Pattern$CharProperty$1.isSatisfiedBy(I)Z @ 5
Event: 11.921 Thread 0x0000000002f72800 Uncommon trap: reason=speculate_class_check action=maybe_recompile pc=0x0000000003a8799c method=java.util.ArrayList.<init>(Ljava/util/Collection;)V @ 36
Event: 11.921 Thread 0x0000000002f72800 Uncommon trap: reason=speculate_class_check action=maybe_recompile pc=0x0000000003a8799c method=java.util.ArrayList.<init>(Ljava/util/Collection;)V @ 36
Event: 12.337 Thread 0x0000000002f72800 Uncommon trap: reason=unstable_if action=reinterpret pc=0x0000000003af7070 method=java.io.WinNTFileSystem.isLetter(C)Z @ 3

Classes redefined (0 events):
No events

Internal exceptions (10 events):
Event: 3.866 Thread 0x0000000002f72800 Implicit null exception at 0x000000000362c9d4 to 0x000000000362dc61
Event: 5.269 Thread 0x0000000002f72800 Implicit null exception at 0x0000000003406ad5 to 0x0000000003406cad
Event: 5.269 Thread 0x0000000002f72800 Implicit null exception at 0x000000000334156f to 0x00000000033415d9
Event: 5.294 Thread 0x0000000002f72800 Implicit null exception at 0x00000000037f174f to 0x00000000037f1c9d
Event: 5.900 Thread 0x0000000002f72800 Implicit null exception at 0x00000000038a6e67 to 0x00000000038a8071
Event: 6.039 Thread 0x0000000002f72800 Implicit null exception at 0x00000000038f12b7 to 0x00000000038f1501
Event: 8.123 Thread 0x0000000002f72800 Exception <a 'java/lang/ClassNotFoundException': com/sun/tools/javac/api/JavacTool> (0x00000000d6fd1d88) thrown at [C:\re\workspace\8-2-build-windows-amd64-cygwin\jdk8u171\10807\hotspot\src\share\vm\classfile\systemDictionary.cpp, line 210]
Event: 9.775 Thread 0x0000000002f72800 Exception <a 'java/io/FileNotFoundException'> (0x00000000d63906a8) thrown at [C:\re\workspace\8-2-build-windows-amd64-cygwin\jdk8u171\10807\hotspot\src\share\vm\prims\jni.cpp, line 709]
Event: 9.788 Thread 0x0000000002f72800 Exception <a 'java/io/FileNotFoundException'> (0x00000000d63c5a00) thrown at [C:\re\workspace\8-2-build-windows-amd64-cygwin\jdk8u171\10807\hotspot\src\share\vm\prims\jni.cpp, line 709]
Event: 10.284 Thread 0x0000000002f72800 Implicit null exception at 0x0000000003ad5f98 to 0x0000000003ae0efd

Events (10 events):
Event: 11.921 Thread 0x0000000002f72800 DEOPT UNPACKING pc=0x00000000030b583b sp=0x00000000029dd4e0 mode 2
Event: 11.988 Executing VM operation: RevokeBias
Event: 11.988 Executing VM operation: RevokeBias done
Event: 11.988 Thread 0x0000000002f72800 DEOPT PACKING pc=0x0000000003842c66 sp=0x00000000029dcbd0
Event: 11.988 Thread 0x0000000002f72800 DEOPT UNPACKING pc=0x00000000030b7890 sp=0x00000000029dc918 mode 0
Event: 12.163 Executing VM operation: ParallelGCFailedAllocation
Event: 12.198 Executing VM operation: ParallelGCFailedAllocation done
Event: 12.337 Thread 0x0000000002f72800 Uncommon trap: trap_request=0xffffff65 fr.pc=0x0000000003af7070
Event: 12.337 Thread 0x0000000002f72800 DEOPT PACKING pc=0x0000000003af7070 sp=0x00000000029dc7c0
Event: 12.337 Thread 0x0000000002f72800 DEOPT UNPACKING pc=0x00000000030b583b sp=0x00000000029dc6d8 mode 2


Dynamic libraries:
0x00007ff6448e0000 - 0x00007ff644917000 	C:\Program Files\Java\jdk1.8.0_171\bin\java.exe
0x00007ff946c80000 - 0x00007ff946e70000 	C:\WINDOWS\SYSTEM32\ntdll.dll
0x00007ff9452e0000 - 0x00007ff945392000 	C:\WINDOWS\System32\KERNEL32.DLL
0x00007ff944300000 - 0x00007ff9445a3000 	C:\WINDOWS\System32\KERNELBASE.dll
0x00007ff9453d0000 - 0x00007ff945473000 	C:\WINDOWS\System32\ADVAPI32.dll
0x00007ff946ad0000 - 0x00007ff946b6e000 	C:\WINDOWS\System32\msvcrt.dll
0x00007ff944f20000 - 0x00007ff944fb7000 	C:\WINDOWS\System32\sechost.dll
0x00007ff944e00000 - 0x00007ff944f20000 	C:\WINDOWS\System32\RPCRT4.dll
0x00007ff945ad0000 - 0x00007ff945c63000 	C:\WINDOWS\System32\USER32.dll
0x00007ff943e20000 - 0x00007ff943e41000 	C:\WINDOWS\System32\win32u.dll
0x00007ff946140000 - 0x00007ff946166000 	C:\WINDOWS\System32\GDI32.dll
0x00007ff943c30000 - 0x00007ff943dc4000 	C:\WINDOWS\System32\gdi32full.dll
0x00007ff944020000 - 0x00007ff9440be000 	C:\WINDOWS\System32\msvcp_win.dll
0x00007ff944200000 - 0x00007ff9442fa000 	C:\WINDOWS\System32\ucrtbase.dll
0x00007ff937840000 - 0x00007ff937ac5000 	C:\WINDOWS\WinSxS\amd64_microsoft.windows.common-controls_6595b64144ccf1df_6.0.18362.329_none_e6c7b0c7130c72de\COMCTL32.dll
0x00007ff945710000 - 0x00007ff945a46000 	C:\WINDOWS\System32\combase.dll
0x00007ff943fa0000 - 0x00007ff944020000 	C:\WINDOWS\System32\bcryptPrimitives.dll
0x00007ff9453a0000 - 0x00007ff9453ce000 	C:\WINDOWS\System32\IMM32.DLL
0x0000000067950000 - 0x0000000067a22000 	C:\Program Files\Java\jdk1.8.0_171\jre\bin\msvcr100.dll
0x00000000670b0000 - 0x0000000067950000 	C:\Program Files\Java\jdk1.8.0_171\jre\bin\server\jvm.dll
0x00007ff9452d0000 - 0x00007ff9452d8000 	C:\WINDOWS\System32\PSAPI.DLL
0x00007ff9404a0000 - 0x00007ff9404a9000 	C:\WINDOWS\SYSTEM32\WSOCK32.dll
0x00007ff941ca0000 - 0x00007ff941cc4000 	C:\WINDOWS\SYSTEM32\WINMM.dll
0x00007ff939cc0000 - 0x00007ff939cca000 	C:\WINDOWS\SYSTEM32\VERSION.dll
0x00007ff9456a0000 - 0x00007ff94570f000 	C:\WINDOWS\System32\WS2_32.dll
0x00007ff941c70000 - 0x00007ff941c9d000 	C:\WINDOWS\SYSTEM32\winmmbase.dll
0x00007ff943dd0000 - 0x00007ff943e1a000 	C:\WINDOWS\System32\cfgmgr32.dll
0x00000000670a0000 - 0x00000000670af000 	C:\Program Files\Java\jdk1.8.0_171\jre\bin\verify.dll
0x0000000067070000 - 0x0000000067099000 	C:\Program Files\Java\jdk1.8.0_171\jre\bin\java.dll
0x00000000688f0000 - 0x0000000068913000 	C:\Program Files\Java\jdk1.8.0_171\jre\bin\instrument.dll
0x0000000067050000 - 0x0000000067066000 	C:\Program Files\Java\jdk1.8.0_171\jre\bin\zip.dll
0x00007ff946330000 - 0x00007ff946a15000 	C:\WINDOWS\System32\SHELL32.dll
0x00007ff946a20000 - 0x00007ff946ac9000 	C:\WINDOWS\System32\shcore.dll
0x00007ff9445b0000 - 0x00007ff944d2e000 	C:\WINDOWS\System32\windows.storage.dll
0x00007ff943bf0000 - 0x00007ff943c0f000 	C:\WINDOWS\System32\profapi.dll
0x00007ff943b80000 - 0x00007ff943bca000 	C:\WINDOWS\System32\powrprof.dll
0x00007ff943b50000 - 0x00007ff943b60000 	C:\WINDOWS\System32\UMPDC.dll
0x00007ff946170000 - 0x00007ff9461c2000 	C:\WINDOWS\System32\shlwapi.dll
0x00007ff943b60000 - 0x00007ff943b71000 	C:\WINDOWS\System32\kernel.appcore.dll
0x00007ff943c10000 - 0x00007ff943c27000 	C:\WINDOWS\System32\cryptsp.dll
0x00007ff934210000 - 0x00007ff93422a000 	D:\IntelliJ IDEA 2018.2.4\bin\breakgen64.dll
0x0000000066f20000 - 0x0000000066f3a000 	C:\Program Files\Java\jdk1.8.0_171\jre\bin\net.dll
0x00007ff943390000 - 0x00007ff9433f7000 	C:\WINDOWS\system32\mswsock.dll
0x0000000066ef0000 - 0x0000000066f01000 	C:\Program Files\Java\jdk1.8.0_171\jre\bin\nio.dll

VM Arguments:
jvm_args: -Dmaven.multiModuleProjectDirectory=D:\Cloud\jggcommon\jggcommon -Dmaven.home=D:\IntelliJ IDEA 2018.2.4\plugins\maven\lib\maven3 -Dclassworlds.conf=D:\IntelliJ IDEA 2018.2.4\plugins\maven\lib\maven3\bin\m2.conf -javaagent:D:\IntelliJ IDEA 2018.2.4\lib\idea_rt.jar=52573:D:\IntelliJ IDEA 2018.2.4\bin -Dfile.encoding=UTF-8 
java_command: org.codehaus.classworlds.Launcher -Didea.version=2018.2.4 install
java_class_path (initial): D:\IntelliJ IDEA 2018.2.4\plugins\maven\lib\maven3\boot\plexus-classworlds-2.5.2.jar;D:\IntelliJ IDEA 2018.2.4\lib\idea_rt.jar
Launcher Type: SUN_STANDARD

Environment Variables:
JAVA_HOME=C:\Program Files\Java\jdk1.8.0_171
CLASSPATH=.;C:\Program Files\Java\jdk1.8.0_171\bin;C:\Program Files\Java\jdk1.8.0_171\lib\dt.jar;C:\Program Files\Java\jdk1.8.0_171\lib\tools.jar;
PATH=D:\app\Administrator\product\11.2.0\dbhome_1\bin;C:\Program Files (x86)\Razer\ChromaBroadcast\bin;C:\Program Files\Razer\ChromaBroadcast\bin;C:\Program Files\Java\jdk1.8.0_171\bin;C:\Program Files\Java\jdk1.8.0_171\jre\bin;C:\Program Files (x86)\Common Files\Oracle\Java\javapath;C:\WINDOWS\system32;C:\WINDOWS;C:\WINDOWS\System32\Wbem;C:\WINDOWS\System32\WindowsPowerShell\v1.0\;C:\WINDOWS\System32\OpenSSH\;D:\mysql\bin;D:\apache-maven-3.5.4\bin;C:\WINDOWS\system32\config\systemprofile\AppData\Local\Microsoft\WindowsApps;C:\WINDOWS\system32;C:\WINDOWS;C:\WINDOWS\System32\Wbem;C:\WINDOWS\System32\WindowsPowerShell\v1.0\;C:\WINDOWS\System32\OpenSSH\;C:\Users\Administrator\AppData\Local\Microsoft\WindowsApps;
USERNAME=Administrator
OS=Windows_NT
PROCESSOR_IDENTIFIER=Intel64 Family 6 Model 69 Stepping 1, GenuineIntel



---------------  S Y S T E M  ---------------

OS: Windows 10.0 , 64 bit Build 18362 (10.0.18362.329)

CPU:total 4 (initial active 4) (2 cores per cpu, 2 threads per core) family 6 model 69 stepping 1, cmov, cx8, fxsr, mmx, sse, sse2, sse3, ssse3, sse4.1, sse4.2, popcnt, avx, avx2, aes, clmul, erms, lzcnt, ht, tsc, tscinvbit, bmi1, bmi2

Memory: 4k page, physical 8290120k(1949544k free), swap 13424824k(6176k free)

vm_info: Java HotSpot(TM) 64-Bit Server VM (25.171-b11) for windows-amd64 JRE (1.8.0_171-b11), built on Mar 28 2018 16:06:12 by "java_re" with MS VC++ 10.0 (VS2010)

time: Sat Sep 28 10:58:00 2019
elapsed time: 12 seconds (0d 0h 0m 12s)

